<?xml version="1.0" encoding="UTF-8"?>
<!-- Generated by org.testng.reporters.JUnitReportReporter -->
<testsuite hostname="DESKTOP-S1UAVLS" failures="0" tests="2" name="qaclickacademy.RESTAPITest" time="0.005" errors="0" timestamp="2021-01-05T08:58:13 IST" skipped="0">
  <testcase classname="qaclickacademy.RESTAPITest" name="deleteTwitter" time="0.002"/>
  <system-out/>
  <testcase classname="qaclickacademy.RESTAPITest" name="postJira" time="0.003"/>
  <system-out/>
</testsuite> <!-- qaclickacademy.RESTAPITest -->
