<?xml version="1.0" encoding="UTF-8"?>
<!-- Generated by org.testng.reporters.JUnitReportReporter -->
<testsuite hostname="DESKTOP-S1UAVLS" failures="0" tests="2" name="qaclickacademy.AppiumTest" time="0.016" errors="0" timestamp="2021-01-05T08:58:13 IST" skipped="0">
  <testcase classname="qaclickacademy.AppiumTest" name="IOSapp" time="0.012"/>
  <system-out/>
  <testcase classname="qaclickacademy.AppiumTest" name="Nativeappandroid" time="0.004"/>
  <system-out/>
</testsuite> <!-- qaclickacademy.AppiumTest -->
